<?xml version="1.0" encoding="UTF-8"?>
<testsuite xmlns:xsi="http://www.w3.org/2001/XMLSchema-instance" xsi:noNamespaceSchemaLocation="https://maven.apache.org/surefire/maven-surefire-plugin/xsd/surefire-test-report-3.0.xsd" version="3.0" name="com.aioa.report.enums.ExportFormatEnumTest" time="0.025" tests="7" errors="0" skipped="0" failures="0">
  <properties>
[...]
</properties>
  <testcase name="fromCode_withValidCode_shouldReturnEnum" classname="com.aioa.report.enums.ExportFormatEnumTest" time="0.005"/>
  <testcase name="values_shouldHaveThreeValues" classname="com.aioa.report.enums.ExportFormatEnumTest" time="0.001"/>
  <testcase name="EXCEL_shouldHaveCorrectCodeAndDescription" classname="com.aioa.report.enums.ExportFormatEnumTest" time="0.001"/>
  <testcase name="fromCode_withInvalidCode_shouldReturnNull" classname="com.aioa.report.enums.ExportFormatEnumTest" time="0.001"/>
  <testcase name="HTML_shouldHaveCorrectCodeAndDescription" classname="com.aioa.report.enums.ExportFormatEnumTest" time="0.001"/>
  <testcase name="fromCode_withNull_shouldReturnNull" classname="com.aioa.report.enums.ExportFormatEnumTest" time="0.001"/>
  <testcase name="PDF_shouldHaveCorrectCodeAndDescription" classname="com.aioa.report.enums.ExportFormatEnumTest" time="0.002"/>
</testsuite>