<?xml version="1.0" encoding="UTF-8"?>
<testsuite xmlns:xsi="http://www.w3.org/2001/XMLSchema-instance" xsi:noNamespaceSchemaLocation="https://maven.apache.org/surefire/maven-surefire-plugin/xsd/surefire-test-report-3.0.xsd" version="3.0" name="com.aioa.knowledge.entity.KnowledgeDocTest" time="0.221" tests="10" errors="0" skipped="0" failures="0">
  <properties>
[...]
</properties>
  <testcase name="setAndGetStatus" classname="com.aioa.knowledge.entity.KnowledgeDocTest" time="0.111"/>
  <testcase name="createKnowledgeDoc" classname="com.aioa.knowledge.entity.KnowledgeDocTest" time="0.026"/>
  <testcase name="incrementViewCount" classname="com.aioa.knowledge.entity.KnowledgeDocTest" time="0.008"/>
  <testcase name="setAndGetCategoryId" classname="com.aioa.knowledge.entity.KnowledgeDocTest" time="0.006"/>
  <testcase name="setAndGetViewCount" classname="com.aioa.knowledge.entity.KnowledgeDocTest" time="0.003"/>
  <testcase name="setAndGetContent" classname="com.aioa.knowledge.entity.KnowledgeDocTest" time="0.004"/>
  <testcase name="setAndGetTitle" classname="com.aioa.knowledge.entity.KnowledgeDocTest" time="0.002"/>
  <testcase name="setAndGetId" classname="com.aioa.knowledge.entity.KnowledgeDocTest" time="0.001"/>
  <testcase name="incrementLikeCount" classname="com.aioa.knowledge.entity.KnowledgeDocTest" time="0.001"/>
  <testcase name="setAndGetLikeCount" classname="com.aioa.knowledge.entity.KnowledgeDocTest" time="0.002"/>
</testsuite>