-------------------------------------------------------------------------------
Test set: com.aioa.workflow.service.ApprovalServiceImplTest$CreateApprovalTests
-------------------------------------------------------------------------------
Tests run: 3, Failures: 1, Errors: 2, Skipped: 0, Time elapsed: 0.087 s <<< FAILURE! -- in com.aioa.workflow.service.ApprovalServiceImplTest$CreateApprovalTests
com.aioa.workflow.service.ApprovalServiceImplTest$CreateApprovalTests.shouldCreateApprovalSuccessfully -- Time elapsed: 0.056 s <<< ERROR!
java.lang.NullPointerException: Cannot invoke "com.baomidou.mybatisplus.core.mapper.BaseMapper.insert(Object)" because the return value of "com.baomidou.mybatisplus.extension.service.IService.getBaseMapper()" is null
	at com.baomidou.mybatisplus.extension.service.IService.save(IService.java:60)
	at com.aioa.workflow.service.ApprovalServiceImplTest$CreateApprovalTests.shouldCreateApprovalSuccessfully(ApprovalServiceImplTest.java:107)
	at java.base/java.lang.reflect.Method.invoke(Method.java:580)
	at java.base/java.util.ArrayList.forEach(ArrayList.java:1596)
	at java.base/java.util.ArrayList.forEach(ArrayList.java:1596)
	at java.base/java.util.ArrayList.forEach(ArrayList.java:1596)

com.aioa.workflow.service.ApprovalServiceImplTest$CreateApprovalTests.shouldThrowExceptionWhenApplicantNotFound -- Time elapsed: 0.003 s <<< ERROR!
org.mockito.exceptions.misusing.InvalidUseOfMatchersException: 

Misplaced or misused argument matcher detected here:

-> at com.aioa.workflow.service.ApprovalServiceImplTest$CreateApprovalTests.shouldCreateApprovalSuccessfully(ApprovalServiceImplTest.java:107)

You cannot use argument matchers outside of verification or stubbing.
Examples of correct usage of argument matchers:
    when(mock.get(anyInt())).thenReturn(null);
    doThrow(new RuntimeException()).when(mock).someVoidMethod(any());
    verify(mock).someMethod(contains("foo"))

This message may appear after an NullPointerException if the last matcher is returning an object 
like any() but the stubbed method signature expect a primitive argument, in this case,
use primitive alternatives.
    when(mock.get(any())); // bad use, will raise NPE
    when(mock.get(anyInt())); // correct usage use

Also, this error might show up because you use argument matchers with methods that cannot be mocked.
Following methods *cannot* be stubbed/verified: final/private/equals()/hashCode().
Mocking methods declared on non-public parent classes is not supported.

	at org.mockito.junit.jupiter.MockitoExtension.beforeEach(MockitoExtension.java:160)
	at java.base/java.util.ArrayList.forEach(ArrayList.java:1596)
	at java.base/java.util.ArrayList.forEach(ArrayList.java:1596)
	at java.base/java.util.ArrayList.forEach(ArrayList.java:1596)
	Suppressed: java.lang.NullPointerException: Cannot invoke "java.util.Set.forEach(java.util.function.Consumer)" because the return value of "org.junit.jupiter.api.extension.ExtensionContext$Store.remove(Object, java.lang.Class)" is null
		at org.mockito.junit.jupiter.MockitoExtension.afterEach(MockitoExtension.java:194)
		... 3 more

com.aioa.workflow.service.ApprovalServiceImplTest$CreateApprovalTests.shouldThrowExceptionWhenApproverNotFound -- Time elapsed: 0.017 s <<< FAILURE!
org.opentest4j.AssertionFailedError: expected: <true> but was: <false>
	at org.junit.jupiter.api.AssertionFailureBuilder.build(AssertionFailureBuilder.java:151)
	at org.junit.jupiter.api.AssertionFailureBuilder.buildAndThrow(AssertionFailureBuilder.java:132)
	at org.junit.jupiter.api.AssertTrue.failNotTrue(AssertTrue.java:63)
	at org.junit.jupiter.api.AssertTrue.assertTrue(AssertTrue.java:36)
	at org.junit.jupiter.api.AssertTrue.assertTrue(AssertTrue.java:31)
	at org.junit.jupiter.api.Assertions.assertTrue(Assertions.java:183)
	at com.aioa.workflow.service.ApprovalServiceImplTest$CreateApprovalTests.shouldThrowExceptionWhenApproverNotFound(ApprovalServiceImplTest.java:161)
	at java.base/java.lang.reflect.Method.invoke(Method.java:580)
	at java.base/java.util.ArrayList.forEach(ArrayList.java:1596)
	at java.base/java.util.ArrayList.forEach(ArrayList.java:1596)
	at java.base/java.util.ArrayList.forEach(ArrayList.java:1596)

