-------------------------------------------------------------------------------
Test set: com.aioa.workflow.service.ApprovalServiceImplTest$CancelApprovalTests
-------------------------------------------------------------------------------
Tests run: 3, Failures: 0, Errors: 3, Skipped: 0, Time elapsed: 0.111 s <<< FAILURE! -- in com.aioa.workflow.service.ApprovalServiceImplTest$CancelApprovalTests
com.aioa.workflow.service.ApprovalServiceImplTest$CancelApprovalTests.shouldCancelApprovalByApplicant -- Time elapsed: 0.032 s <<< ERROR!
java.lang.NullPointerException: Cannot invoke "com.baomidou.mybatisplus.core.mapper.BaseMapper.selectById(java.io.Serializable)" because the return value of "com.baomidou.mybatisplus.extension.service.IService.getBaseMapper()" is null
	at com.baomidou.mybatisplus.extension.service.IService.getById(IService.java:289)
	at com.aioa.workflow.service.ApprovalServiceImplTest$CancelApprovalTests.shouldCancelApprovalByApplicant(ApprovalServiceImplTest.java:377)
	at java.base/java.lang.reflect.Method.invoke(Method.java:580)
	at java.base/java.util.ArrayList.forEach(ArrayList.java:1596)
	at java.base/java.util.ArrayList.forEach(ArrayList.java:1596)
	at java.base/java.util.ArrayList.forEach(ArrayList.java:1596)

com.aioa.workflow.service.ApprovalServiceImplTest$CancelApprovalTests.shouldThrowExceptionWhenCancellingNonPendingApproval -- Time elapsed: 0.014 s <<< ERROR!
java.lang.NullPointerException: Cannot invoke "com.baomidou.mybatisplus.core.mapper.BaseMapper.selectById(java.io.Serializable)" because the return value of "com.baomidou.mybatisplus.extension.service.IService.getBaseMapper()" is null
	at com.baomidou.mybatisplus.extension.service.IService.getById(IService.java:289)
	at com.aioa.workflow.service.ApprovalServiceImplTest$CancelApprovalTests.shouldThrowExceptionWhenCancellingNonPendingApproval(ApprovalServiceImplTest.java:411)
	at java.base/java.lang.reflect.Method.invoke(Method.java:580)
	at java.base/java.util.ArrayList.forEach(ArrayList.java:1596)
	at java.base/java.util.ArrayList.forEach(ArrayList.java:1596)
	at java.base/java.util.ArrayList.forEach(ArrayList.java:1596)

com.aioa.workflow.service.ApprovalServiceImplTest$CancelApprovalTests.shouldThrowExceptionWhenNonApplicantCancels -- Time elapsed: 0.037 s <<< ERROR!
java.lang.NullPointerException: Cannot invoke "com.baomidou.mybatisplus.core.mapper.BaseMapper.selectById(java.io.Serializable)" because the return value of "com.baomidou.mybatisplus.extension.service.IService.getBaseMapper()" is null
	at com.baomidou.mybatisplus.extension.service.IService.getById(IService.java:289)
	at com.aioa.workflow.service.ApprovalServiceImplTest$CancelApprovalTests.shouldThrowExceptionWhenNonApplicantCancels(ApprovalServiceImplTest.java:398)
	at java.base/java.lang.reflect.Method.invoke(Method.java:580)
	at java.base/java.util.ArrayList.forEach(ArrayList.java:1596)
	at java.base/java.util.ArrayList.forEach(ArrayList.java:1596)
	at java.base/java.util.ArrayList.forEach(ArrayList.java:1596)

