-------------------------------------------------------------------------------
Test set: com.aioa.workflow.service.ApprovalServiceImplTest$ApprovalActionTests
-------------------------------------------------------------------------------
Tests run: 6, Failures: 0, Errors: 6, Skipped: 0, Time elapsed: 0.107 s <<< FAILURE! -- in com.aioa.workflow.service.ApprovalServiceImplTest$ApprovalActionTests
com.aioa.workflow.service.ApprovalServiceImplTest$ApprovalActionTests.shouldThrowExceptionWhenApprovingNonPendingApproval -- Time elapsed: 0.018 s <<< ERROR!
java.lang.NullPointerException: Cannot invoke "com.baomidou.mybatisplus.core.mapper.BaseMapper.selectById(java.io.Serializable)" because the return value of "com.baomidou.mybatisplus.extension.service.IService.getBaseMapper()" is null
	at com.baomidou.mybatisplus.extension.service.IService.getById(IService.java:289)
	at com.aioa.workflow.service.ApprovalServiceImplTest$ApprovalActionTests.shouldThrowExceptionWhenApprovingNonPendingApproval(ApprovalServiceImplTest.java:344)
	at java.base/java.lang.reflect.Method.invoke(Method.java:580)
	at java.base/java.util.ArrayList.forEach(ArrayList.java:1596)
	at java.base/java.util.ArrayList.forEach(ArrayList.java:1596)
	at java.base/java.util.ArrayList.forEach(ArrayList.java:1596)

com.aioa.workflow.service.ApprovalServiceImplTest$ApprovalActionTests.shouldThrowExceptionWhenNonApproverApproves -- Time elapsed: 0.014 s <<< ERROR!
java.lang.NullPointerException: Cannot invoke "com.baomidou.mybatisplus.core.mapper.BaseMapper.selectById(java.io.Serializable)" because the return value of "com.baomidou.mybatisplus.extension.service.IService.getBaseMapper()" is null
	at com.baomidou.mybatisplus.extension.service.IService.getById(IService.java:289)
	at com.aioa.workflow.service.ApprovalServiceImplTest$ApprovalActionTests.shouldThrowExceptionWhenNonApproverApproves(ApprovalServiceImplTest.java:327)
	at java.base/java.lang.reflect.Method.invoke(Method.java:580)
	at java.base/java.util.ArrayList.forEach(ArrayList.java:1596)
	at java.base/java.util.ArrayList.forEach(ArrayList.java:1596)
	at java.base/java.util.ArrayList.forEach(ArrayList.java:1596)

com.aioa.workflow.service.ApprovalServiceImplTest$ApprovalActionTests.shouldApproveSuccessfully -- Time elapsed: 0.016 s <<< ERROR!
java.lang.NullPointerException: Cannot invoke "com.baomidou.mybatisplus.core.mapper.BaseMapper.selectById(java.io.Serializable)" because the return value of "com.baomidou.mybatisplus.extension.service.IService.getBaseMapper()" is null
	at com.baomidou.mybatisplus.extension.service.IService.getById(IService.java:289)
	at com.aioa.workflow.service.ApprovalServiceImplTest$ApprovalActionTests.shouldApproveSuccessfully(ApprovalServiceImplTest.java:242)
	at java.base/java.lang.reflect.Method.invoke(Method.java:580)
	at java.base/java.util.ArrayList.forEach(ArrayList.java:1596)
	at java.base/java.util.ArrayList.forEach(ArrayList.java:1596)
	at java.base/java.util.ArrayList.forEach(ArrayList.java:1596)

com.aioa.workflow.service.ApprovalServiceImplTest$ApprovalActionTests.shouldThrowExceptionForInvalidActionType -- Time elapsed: 0.009 s <<< ERROR!
java.lang.NullPointerException: Cannot invoke "com.baomidou.mybatisplus.core.mapper.BaseMapper.selectById(java.io.Serializable)" because the return value of "com.baomidou.mybatisplus.extension.service.IService.getBaseMapper()" is null
	at com.baomidou.mybatisplus.extension.service.IService.getById(IService.java:289)
	at com.aioa.workflow.service.ApprovalServiceImplTest$ApprovalActionTests.shouldThrowExceptionForInvalidActionType(ApprovalServiceImplTest.java:360)
	at java.base/java.lang.reflect.Method.invoke(Method.java:580)
	at java.base/java.util.ArrayList.forEach(ArrayList.java:1596)
	at java.base/java.util.ArrayList.forEach(ArrayList.java:1596)
	at java.base/java.util.ArrayList.forEach(ArrayList.java:1596)

com.aioa.workflow.service.ApprovalServiceImplTest$ApprovalActionTests.shouldRejectSuccessfully -- Time elapsed: 0.007 s <<< ERROR!
java.lang.NullPointerException: Cannot invoke "com.baomidou.mybatisplus.core.mapper.BaseMapper.selectById(java.io.Serializable)" because the return value of "com.baomidou.mybatisplus.extension.service.IService.getBaseMapper()" is null
	at com.baomidou.mybatisplus.extension.service.IService.getById(IService.java:289)
	at com.aioa.workflow.service.ApprovalServiceImplTest$ApprovalActionTests.shouldRejectSuccessfully(ApprovalServiceImplTest.java:269)
	at java.base/java.lang.reflect.Method.invoke(Method.java:580)
	at java.base/java.util.ArrayList.forEach(ArrayList.java:1596)
	at java.base/java.util.ArrayList.forEach(ArrayList.java:1596)
	at java.base/java.util.ArrayList.forEach(ArrayList.java:1596)

com.aioa.workflow.service.ApprovalServiceImplTest$ApprovalActionTests.shouldTransferSuccessfully -- Time elapsed: 0.006 s <<< ERROR!
java.lang.NullPointerException: Cannot invoke "com.baomidou.mybatisplus.core.mapper.BaseMapper.selectById(java.io.Serializable)" because the return value of "com.baomidou.mybatisplus.extension.service.IService.getBaseMapper()" is null
	at com.baomidou.mybatisplus.extension.service.IService.getById(IService.java:289)
	at com.aioa.workflow.service.ApprovalServiceImplTest$ApprovalActionTests.shouldTransferSuccessfully(ApprovalServiceImplTest.java:302)
	at java.base/java.lang.reflect.Method.invoke(Method.java:580)
	at java.base/java.util.ArrayList.forEach(ArrayList.java:1596)
	at java.base/java.util.ArrayList.forEach(ArrayList.java:1596)
	at java.base/java.util.ArrayList.forEach(ArrayList.java:1596)

