-------------------------------------------------------------------------------
Test set: com.aioa.workflow.service.ApprovalServiceImplTest$QueryApprovalsTests
-------------------------------------------------------------------------------
Tests run: 2, Failures: 0, Errors: 2, Skipped: 0, Time elapsed: 0.178 s <<< FAILURE! -- in com.aioa.workflow.service.ApprovalServiceImplTest$QueryApprovalsTests
com.aioa.workflow.service.ApprovalServiceImplTest$QueryApprovalsTests.shouldQueryApprovalsWithMyApplyMode -- Time elapsed: 0.076 s <<< ERROR!
org.mockito.exceptions.misusing.InvalidUseOfMatchersException: 

Misplaced or misused argument matcher detected here:

-> at com.aioa.workflow.service.ApprovalServiceImplTest$StatisticsTests.shouldGetStatisticsCorrectly(ApprovalServiceImplTest.java:485)

You cannot use argument matchers outside of verification or stubbing.
Examples of correct usage of argument matchers:
    when(mock.get(anyInt())).thenReturn(null);
    doThrow(new RuntimeException()).when(mock).someVoidMethod(any());
    verify(mock).someMethod(contains("foo"))

This message may appear after an NullPointerException if the last matcher is returning an object 
like any() but the stubbed method signature expect a primitive argument, in this case,
use primitive alternatives.
    when(mock.get(any())); // bad use, will raise NPE
    when(mock.get(anyInt())); // correct usage use

Also, this error might show up because you use argument matchers with methods that cannot be mocked.
Following methods *cannot* be stubbed/verified: final/private/equals()/hashCode().
Mocking methods declared on non-public parent classes is not supported.

	at org.mockito.junit.jupiter.MockitoExtension.beforeEach(MockitoExtension.java:160)
	at java.base/java.util.ArrayList.forEach(ArrayList.java:1596)
	at java.base/java.util.ArrayList.forEach(ArrayList.java:1596)
	at java.base/java.util.ArrayList.forEach(ArrayList.java:1596)
	Suppressed: java.lang.NullPointerException: Cannot invoke "java.util.Set.forEach(java.util.function.Consumer)" because the return value of "org.junit.jupiter.api.extension.ExtensionContext$Store.remove(Object, java.lang.Class)" is null
		at org.mockito.junit.jupiter.MockitoExtension.afterEach(MockitoExtension.java:194)
		... 3 more

com.aioa.workflow.service.ApprovalServiceImplTest$QueryApprovalsTests.shouldQueryApprovalsWithDefaultMode -- Time elapsed: 0.064 s <<< ERROR!
org.mockito.exceptions.misusing.NotAMockException: 

Argument passed to when() is not a mock!
Example of correct stubbing:
    doThrow(new RuntimeException()).when(mock).someMethod();
	at com.aioa.workflow.service.ApprovalServiceImplTest$QueryApprovalsTests.shouldQueryApprovalsWithDefaultMode(ApprovalServiceImplTest.java:437)
	at java.base/java.lang.reflect.Method.invoke(Method.java:580)
	at java.base/java.util.ArrayList.forEach(ArrayList.java:1596)
	at java.base/java.util.ArrayList.forEach(ArrayList.java:1596)
	at java.base/java.util.ArrayList.forEach(ArrayList.java:1596)

