-------------------------------------------------------------------------------
Test set: com.aioa.workflow.service.ApprovalRecordServiceImplTest
-------------------------------------------------------------------------------
Tests run: 3, Failures: 0, Errors: 3, Skipped: 0, Time elapsed: 2.101 s <<< FAILURE! -- in com.aioa.workflow.service.ApprovalRecordServiceImplTest
com.aioa.workflow.service.ApprovalRecordServiceImplTest.getRecordsByApprovalId_shouldReturnResults -- Time elapsed: 2.005 s <<< ERROR!
java.lang.NullPointerException: Cannot invoke "com.aioa.workflow.mapper.ApprovalRecordMapper.selectByApprovalIdOrderByCreateTimeDesc(String)" because "this.baseMapper" is null
	at com.aioa.workflow.service.impl.ApprovalRecordServiceImpl.getRecordsByApprovalId(ApprovalRecordServiceImpl.java:28)
	at com.aioa.workflow.service.ApprovalRecordServiceImplTest.getRecordsByApprovalId_shouldReturnResults(ApprovalRecordServiceImplTest.java:45)
	at java.base/java.lang.reflect.Method.invoke(Method.java:580)
	at java.base/java.util.ArrayList.forEach(ArrayList.java:1596)
	at java.base/java.util.ArrayList.forEach(ArrayList.java:1596)

com.aioa.workflow.service.ApprovalRecordServiceImplTest.createRecord_withValidParams_shouldSucceed -- Time elapsed: 0.018 s <<< ERROR!
java.lang.NullPointerException: Cannot invoke "com.baomidou.mybatisplus.core.mapper.BaseMapper.insert(Object)" because the return value of "com.baomidou.mybatisplus.extension.service.IService.getBaseMapper()" is null
	at com.baomidou.mybatisplus.extension.service.IService.save(IService.java:60)
	at com.aioa.workflow.service.impl.ApprovalRecordServiceImpl.createRecord(ApprovalRecordServiceImpl.java:48)
	at com.aioa.workflow.service.ApprovalRecordServiceImplTest.createRecord_withValidParams_shouldSucceed(ApprovalRecordServiceImplTest.java:75)
	at java.base/java.lang.reflect.Method.invoke(Method.java:580)
	at java.base/java.util.ArrayList.forEach(ArrayList.java:1596)
	at java.base/java.util.ArrayList.forEach(ArrayList.java:1596)

com.aioa.workflow.service.ApprovalRecordServiceImplTest.createRecord_shouldCreateAndReturn -- Time elapsed: 0.011 s <<< ERROR!
java.lang.NullPointerException: Cannot invoke "com.baomidou.mybatisplus.core.mapper.BaseMapper.insert(Object)" because the return value of "com.baomidou.mybatisplus.extension.service.IService.getBaseMapper()" is null
	at com.baomidou.mybatisplus.extension.service.IService.save(IService.java:60)
	at com.aioa.workflow.service.impl.ApprovalRecordServiceImpl.createRecord(ApprovalRecordServiceImpl.java:48)
	at com.aioa.workflow.service.ApprovalRecordServiceImplTest.createRecord_shouldCreateAndReturn(ApprovalRecordServiceImplTest.java:58)
	at java.base/java.lang.reflect.Method.invoke(Method.java:580)
	at java.base/java.util.ArrayList.forEach(ArrayList.java:1596)
	at java.base/java.util.ArrayList.forEach(ArrayList.java:1596)

